<component name="libraryTable">
  <library name="JUnitGenerator">
    <CLASSES>
      <root url="jar://$PROJECT_DIR$/../JUnitGenerator.jar!/" />
    </CLASSES>
    <JAVADOC />
    <SOURCES />
  </library>
</component>